<?xml version="1.0" encoding="UTF-8" ?>
<phpunit
        xmlns:xsi="http://www.w3.org/2001/XMLSchema-instance"
        xsi:noNamespaceSchemaLocation="http://schema.phpunit.de/9.2/phpunit.xsd"
        bootstrap="./vendor/autoload.php"
        colors="true"
        stopOnFailure="true"
>
    <filter>
        <whitelist addUncoveredFilesFromWhitelist="true">
            <directory suffix=".php">./src</directory>
        </whitelist>
    </filter>
    <php>
        <ini name="memory_limit" value="2048M"/>
    </php>
    <testsuites>
        <testsuite name="Primitives">
            <directory>./output/HL7/FHIR</directory>
            <!-- dstu 1 -->
            <exclude>./output/HL7/FHIR/DSTU1/PHPFHIRTests/FHIRElement</exclude>
            <exclude>./output/HL7/FHIR/DSTU2/PHPFHIRTests/FHIRElement</exclude>
            <!-- dstu 2 -->
            <exclude>./output/HL7/FHIR/DSTU2/PHPFHIRTests/FHIRElement</exclude>
            <exclude>./output/HL7/FHIR/DSTU2/PHPFHIRTests/FHIRResource</exclude>
            <!-- stu 3 -->
            <exclude>./output/HL7/FHIR/STU3/PHPFHIRTests/FHIRElement</exclude>
            <exclude>./output/HL7/FHIR/STU3/PHPFHIRTests/FHIRResource</exclude>
            <!-- r4 -->
            <exclude>./output/HL7/FHIR/R4/PHPFHIRTests/FHIRElement</exclude>
            <exclude>./output/HL7/FHIR/R4/PHPFHIRTests/FHIRResource</exclude>
        </testsuite>
    </testsuites>
</phpunit>
