<?xml version="1.0" encoding="UTF-8" ?>
<phpunit
        xmlns:xsi="http://www.w3.org/2001/XMLSchema-instance"
        xsi:noNamespaceSchemaLocation="http://schema.phpunit.de/9.2/phpunit.xsd"
        bootstrap="./vendor/autoload.php"
        colors="true"
        stopOnFailure="true"
>
    <filter>
        <whitelist addUncoveredFilesFromWhitelist="true">
            <directory suffix=".php">./src</directory>
        </whitelist>
    </filter>
    <php>
        <ini name="memory_limit" value="2048M"/>
    </php>
    <testsuites>
        <testsuite name="Elements">
            <directory>./output/HL7/FHIR/*/PHPFHIRTests/FHIRElement</directory>
            <exclude>./output/HL7/FHIR/DSTU1/PHPFHIRTests/FHIRElement/FHIRBackboneElement</exclude>
            <exclude>./output/HL7/FHIR/DSTU1/PHPFHIRTests/FHIRElement/FHIRBackboneElement/FHIRResource</exclude>
        </testsuite>
    </testsuites>
</phpunit>
